build/app/outputs/mapping/release/seeds.txt
com.example.recipe_app.MainActivity
com.example.recipe_app.MainActivity: MainActivity()
...
androidx.core.app.CoreComponentFactory
kotlin.jvm.internal.CallableReference: java.lang.Object receiver
androidx.window.layout.WindowMetricsCalculatorCompat: WindowMetricsCalculatorCompat()
androidx.window.layout.WindowMetricsCalculator$Companion$reset$1: WindowMetricsCalculator$Companion$reset$1()
io.flutter.embedding.engine.FlutterJNI: void loadLibrary()
androidx.window.embedding.SplitPlaceholderRule
androidx.window.layout.DisplayCompatHelperApi17: void getRealSize(android.view.Display,android.graphics.Point)
androidx.window.embedding.EmbeddingInterfaceCompat$EmbeddingCallbackInterface: void onSplitInfoChanged(java.util.List)
androidx.activity.ComponentActivity$3
kotlin.jvm.internal.CallableReference: java.lang.String name
io.flutter.embedding.engine.systemchannels.PlatformChannel$ClipboardContentFormat: io.flutter.embedding.engine.systemchannels.PlatformChannel$ClipboardContentFormat[] values()
androidx.window.layout.DisplayCompatHelperApi28: int safeInsetLeft(android.view.DisplayCutout)
androidx.window.embedding.SplitPairFilter: android.content.ComponentName getPrimaryActivityName()
androidx.window.embedding.EmbeddingCompat$Companion: java.lang.Integer getExtensionApiLevel()
io.flutter.embedding.android.FlutterSplashView$SavedState: void writeToParcel(android.os.Parcel,int)
io.flutter.embedding.android.FlutterSplashView$SavedState: android.os.Bundle access$700(io.flutter.embedding.android.FlutterSplashView$SavedState)
androidx.window.java.layout.WindowInfoTrackerCallbackAdapter: androidx.window.layout.WindowInfoTracker tracker
androidx.window.R$styleable: int SplitPairRule_splitMinWidth
androidx.window.embedding.ActivityRule: java.util.Set filters
io.flutter.embedding.engine.plugins.lifecycle.HiddenLifecycleReference
io.flutter.view.AccessibilityViewEmbedder: java.util.Map embeddedViewToDisplayBounds
io.flutter.embedding.engine.FlutterJNI: boolean getIsSoftwareRenderingEnabled()
io.flutter.embedding.engine.renderer.SurfaceTextureWrapper: void updateTexImage()
androidx.window.layout.HardwareFoldingFeature: HardwareFoldingFeature(androidx.window.core.Bounds,androidx.window.layout.HardwareFoldingFeature$Type,androidx.window.layout.FoldingFeature$State)
androidx.window.embedding.ExtensionEmbeddingBackend: androidx.window.embedding.ExtensionEmbeddingBackend access$getGlobalInstance$cp()
androidx.window.layout.WindowInfoTrackerImpl$windowLayoutInfo$1: java.lang.Object L$1
androidx.window.java.layout.WindowInfoTrackerCallbackAdapter$addListener$1$1$invokeSuspend$$inlined$collect$1: androidx.core.util.Consumer $consumer$inlined
androidx.window.embedding.ActivityStack: boolean isEmpty
androidx.core.app.RemoteActionCompat: RemoteActionCompat()
androidx.window.embedding.ActivityStack: java.util.List activities
androidx.window.layout.HardwareFoldingFeature: androidx.window.layout.FoldingFeature$Orientation getOrientation()
io.flutter.embedding.engine.plugins.lifecycle.HiddenLifecycleReference: androidx.lifecycle.Lifecycle lifecycle
androidx.window.core.Version: java.math.BigInteger getBigInteger()
androidx.window.layout.FoldingFeature
kotlinx.coroutines.EventLoopImplBase: java.lang.Object _delayed
io.flutter.embedding.engine.systemchannels.PlatformChannel$Brightness: io.flutter.embedding.engine.systemchannels.PlatformChannel$Brightness valueOf(java.lang.String)
androidx.annotation.Keep
androidx.window.layout.SidecarCompat$TranslatingCallback: SidecarCompat$TranslatingCallback(androidx.window.layout.SidecarCompat)
androidx.window.embedding.SplitPlaceholderRule: java.util.Set filters
kotlinx.coroutines.DefaultExecutor: java.lang.Thread _thread
kotlinx.coroutines.internal.LockFreeTaskQueueCore: long _state
kotlin.coroutines.jvm.internal.BaseContinuationImpl: kotlin.coroutines.Continuation create(java.lang.Object,kotlin.coroutines.Continuation)
androidx.window.embedding.ExtensionEmbeddingBackend: androidx.window.embedding.EmbeddingInterfaceCompat embeddingExtension