build/app/outputs/mapping/release/mapping.txt
# compiler: R8
# compiler_version: 2.1.62
# min_api: 16
# pg_map_id: 37884b7
# common_typos_disable
...
androidx.collection.MapCollections$KeySet -> d.b.c$c:
    androidx.collection.MapCollections this$0 -> d
androidx.collection.MapCollections$MapIterator -> d.b.c$d:
    androidx.collection.MapCollections this$0 -> g
    boolean mEntryValid -> f
    int mEnd -> d
    int mIndex -> e
    java.util.Map$Entry next() -> a
androidx.collection.MapCollections$ValuesCollection -> d.b.c$e:
    androidx.collection.MapCollections this$0 -> d
androidx.collection.SimpleArrayMap -> d.b.d:
    java.lang.Object[] mArray -> e
    int mTwiceBaseCacheSize -> j
    int mBaseCacheSize -> h
    int[] mHashes -> d
    int mSize -> f
    java.lang.Object[] mTwiceBaseCache -> i
    java.lang.Object[] mBaseCache -> g
    void allocArrays(int) -> a
    int binarySearchHashes(int[],int,int) -> b
    void ensureCapacity(int) -> c
    void freeArrays(int[],java.lang.Object[],int) -> d
    int indexOf(java.lang.Object,int) -> e
    int indexOfKey(java.lang.Object) -> f
    int indexOfNull() -> g
    int indexOfValue(java.lang.Object) -> h
    java.lang.Object keyAt(int) -> i
    java.lang.Object removeAt(int) -> j
    java.lang.Object setValueAt(int,java.lang.Object) -> k
    java.lang.Object valueAt(int) -> l
androidx.core.app.ComponentActivity -> androidx.core.app.a:
androidx.core.app.CoreComponentFactory -> androidx.core.app.CoreComponentFactory:
    java.lang.Object checkCompatWrapper(java.lang.Object) -> a
androidx.core.app.CoreComponentFactory$CompatWrapped -> androidx.core.app.CoreComponentFactory$a:
    java.lang.Object getWrapper() -> a
androidx.core.app.RemoteActionCompat -> androidx.core.app.RemoteActionCompat:
    androidx.core.graphics.drawable.IconCompat mIcon -> a
    java.lang.CharSequence mTitle -> b
    java.lang.CharSequence mContentDescription -> c
    boolean mEnabled -> e
    boolean mShouldShowIcon -> f
    android.app.PendingIntent mActionIntent -> d
androidx.core.content.ContextCompat -> d.c.a.a:
    java.util.concurrent.Executor getMainExecutor(android.content.Context) -> a
androidx.core.content.ContextCompat$Api28Impl -> d.c.a.a$a:
    java.util.concurrent.Executor getMainExecutor(android.content.Context) -> a
androidx.core.content.res.ResourcesCompat -> d.c.a.b.a:
    android.graphics.drawable.Drawable getDrawable(android.content.res.Resources,int,android.content.res.Resources$Theme) -> a
androidx.core.graphics.drawable.IconCompat -> androidx.core.graphics.drawable.IconCompat:
    java.lang.String mTintModeStr -> i
    android.graphics.PorterDuff$Mode DEFAULT_TINT_MODE -> k
    java.lang.String mString1 -> j
    android.graphics.PorterDuff$Mode mTintMode -> h
    android.os.Parcelable mParcelable -> d
    java.lang.Object mObj1 -> b
    int mInt2 -> f
    android.content.res.ColorStateList mTintList -> g
    int mInt1 -> e
    byte[] mData -> c
    int mType -> a
    int getResId() -> a
    int getResId(android.graphics.drawable.Icon) -> b
    void onPostParceling() -> c
    void onPreParceling(boolean) -> d
    java.lang.String typeToString(int) -> e
androidx.core.os.ExecutorCompat -> d.c.b.a:
    java.util.concurrent.Executor create(android.os.Handler) -> a
androidx.core.os.ExecutorCompat$HandlerExecutor -> d.c.b.a$a:
    android.os.Handler mHandler -> d
androidx.core.util.Consumer -> d.c.c.a:
androidx.core.util.Preconditions -> d.c.c.b:
    java.lang.Object checkNotNull(java.lang.Object) -> a
androidx.core.view.WindowInsetsControllerCompat -> d.c.d.a:
    androidx.core.view.WindowInsetsControllerCompat$Impl mImpl -> a
    void setAppearanceLightNavigationBars(boolean) -> a
    void setAppearanceLightStatusBars(boolean) -> b
androidx.core.view.WindowInsetsControllerCompat$Impl -> d.c.d.a$e:
    void setAppearanceLightNavigationBars(boolean) -> a
    void setAppearanceLightStatusBars(boolean) -> b