build/app/outputs/mapping/release/usage.txt
com.example.recipe_app.R$integer
com.example.recipe_app.R$mipmap
com.example.recipe_app.R$string
com.example.recipe_app.R$dimen
com.example.recipe_app.R$attr
com.example.recipe_app.R
com.example.recipe_app.R$styleable
com.example.recipe_app.R$drawable
com.example.recipe_app.BuildConfig
com.example.recipe_app.R$color
com.example.recipe_app.R$layout
com.example.recipe_app.R$id
com.example.recipe_app.R$style
...
kotlinx.coroutines.flow.internal.CombineKt$zipImpl$1$1$second$1
androidx.core.app.NotificationCompat$1
kotlin.coroutines.ContinuationKt$Continuation$1
androidx.lifecycle.LifecycleRegistry$ObserverWithState:
    void <init>(androidx.lifecycle.LifecycleObserver,androidx.lifecycle.Lifecycle$State)
kotlinx.coroutines.flow.FlowKt__MergeKt$flatMapConcat$$inlined$map$1$2
kotlin.SynchronizedLazyImpl:
    private final java.lang.Object writeReplace()
androidx.core.graphics.drawable.TintAwareDrawable
kotlinx.coroutines.flow.FlowKt__BuildersKt$asFlow$$inlined$unsafeFlow$7$1
androidx.annotation.AnimRes
androidx.annotation.XmlRes
kotlin.jvm.internal.Ref$ShortRef
kotlinx.coroutines.Dispatchers:
    public static synthetic void getDefault$annotations()
    public static synthetic void getMain$annotations()
    public static final kotlinx.coroutines.CoroutineDispatcher getUnconfined()
    public static synthetic void getUnconfined$annotations()
    public static synthetic void getIO$annotations()
kotlin.io.LineReader
androidx.lifecycle.ViewModelStore:
    public void <init>()
    final void put(java.lang.String,androidx.lifecycle.ViewModel)
    final androidx.lifecycle.ViewModel get(java.lang.String)
    java.util.Set keys()
    private final java.util.HashMap mMap
kotlin.text.Regex$Serialized$Companion
kotlin.time.TimeMark$DefaultImpls
io.flutter.embedding.engine.plugins.FlutterPlugin$FlutterAssets:
    public abstract java.lang.String getAssetFilePathByName(java.lang.String)
    public abstract java.lang.String getAssetFilePathByName(java.lang.String,java.lang.String)
    public abstract java.lang.String getAssetFilePathBySubpath(java.lang.String)
    public abstract java.lang.String getAssetFilePathBySubpath(java.lang.String,java.lang.String)
kotlinx.coroutines.selects.SelectBuilderImpl$DisposeNode
androidx.activity.OnBackPressedDispatcher:
    public void <init>()
    public void <init>(java.lang.Runnable)
    public void addCallback(androidx.activity.OnBackPressedCallback)
    public void addCallback(androidx.lifecycle.LifecycleOwner,androidx.activity.OnBackPressedCallback)
    public boolean hasEnabledCallbacks()
    private final java.lang.Runnable mFallbackOnBackPressed
    final java.util.ArrayDeque mOnBackPressedCallbacks
kotlin.io.path.PathNode
kotlinx.coroutines.flow.StateFlowSlot
androidx.annotation.experimental.Experimental$Level
kotlin.ranges.URangesKt
androidx.annotation.IntDef
androidx.core.os.CancellationSignal$OnCancelListener
kotlin.ranges.LongRange
kotlin.annotation.AnnotationRetention
androidx.core.view.KeyEventDispatcher
kotlin.collections.MapsKt:
    private void <init>()
kotlinx.coroutines.flow.FlowKt__ZipKt$combineTransform$6$1
io.flutter.BuildConfig
androidx.core.content.res.TypedArrayUtils
kotlin.NumbersKt__BigDecimalsKt
kotlinx.coroutines.EventLoopImplBase$DelayedRunnableTask
kotlin.UInt$Companion
androidx.fragment.app.FragmentTransitionImpl$2
kotlinx.coroutines.flow.internal.SafeCollector_commonKt$unsafeFlow$1
androidx.core.location.GnssStatusCompat$Callback
androidx.core.content.pm.ShortcutManagerCompat
io.flutter.embedding.engine.systemchannels.KeyEventChannel$FlutterKeyEvent:
    public void <init>(android.view.KeyEvent)
kotlinx.coroutines.selects.SelectInstance
androidx.fragment.app.FragmentManagerImpl$OpGenerator
kotlinx.coroutines.BlockingCoroutine
androidx.core.widget.ScrollerCompat
io.flutter.util.HandlerCompat:
    public void <init>()
kotlin.text.MatchResult$Destructured
androidx.core.view.TintableBackgroundView
androidx.core.app.NotificationChannelCompat
kotlin.SubclassOptInRequired
androidx.core.app.ActivityCompat$RequestPermissionsRequestCodeValidator
kotlinx.coroutines.Delay
kotlinx.coroutines.test.TestCoroutineContext
androidx.customview.widget.FocusStrategy$SequentialComparator
androidx.core.view.accessibility.AccessibilityNodeProviderCompat$AccessibilityNodeProviderApi19